<?xml version="1.0" encoding="UTF-8"?>
<!-- Generated by org.testng.reporters.JUnitXMLReporter -->
<testsuite hostname="DESKTOP-CN90M96" name="Test" tests="11" failures="0" timestamp="23 Dec 2024 17:50:40 GMT" time="162.083" errors="0">
  <testcase name="login" time="16.603" classname="org.test.ReadData"/>
  <testcase name="login" time="17.427" classname="org.test.ReadData"/>
  <testcase name="login" time="13.246" classname="org.test.ReadData"/>
  <testcase name="login" time="13.095" classname="org.test.ReadData"/>
  <testcase name="login" time="12.902" classname="org.test.ReadData"/>
  <testcase name="login" time="12.036" classname="org.test.ReadData"/>
  <testcase name="login" time="12.429" classname="org.test.ReadData"/>
  <testcase name="login" time="12.028" classname="org.test.ReadData"/>
  <testcase name="test" time="16.433" classname="org.test.Facebookregistration"/>
  <testcase name="test" time="18.041" classname="org.test.Facebookregistration"/>
  <testcase name="test" time="17.037" classname="org.test.Facebookregistration"/>
</testsuite> <!-- Test -->
