<?xml version="1.0" encoding="UTF-8"?>
<testng-results skipped="0" failed="0" total="11" passed="11">
  <reporter-output>
  </reporter-output>
  <suite name="Suite" duration-ms="162083" started-at="2024-12-23T17:47:58Z" finished-at="2024-12-23T17:50:40Z">
    <groups>
    </groups>
    <test name="Test" duration-ms="162083" started-at="2024-12-23T17:47:58Z" finished-at="2024-12-23T17:50:40Z">
      <class name="org.test.ReadData">
        <test-method status="PASS" signature="login(java.lang.String, java.lang.String)[pri:-10, instance:org.test.ReadData@711f39f9]" name="login" duration-ms="16603" started-at="2024-12-23T23:17:59Z" data-provider="login" finished-at="2024-12-23T23:18:15Z">
          <params>
            <param index="0">
              <value>
                <![CDATA[Arun]]>
              </value>
            </param>
            <param index="1">
              <value>
                <![CDATA[212082]]>
              </value>
            </param>
          </params>
          <reporter-output>
          </reporter-output>
        </test-method> <!-- login -->
        <test-method status="PASS" signature="login(java.lang.String, java.lang.String)[pri:-10, instance:org.test.ReadData@711f39f9]" name="login" duration-ms="17427" started-at="2024-12-23T23:18:15Z" data-provider="login" finished-at="2024-12-23T23:18:33Z">
          <params>
            <param index="0">
              <value>
                <![CDATA[Messi]]>
              </value>
            </param>
            <param index="1">
              <value>
                <![CDATA[34234]]>
              </value>
            </param>
          </params>
          <reporter-output>
          </reporter-output>
        </test-method> <!-- login -->
        <test-method status="PASS" signature="login(java.lang.String, java.lang.String)[pri:-10, instance:org.test.ReadData@711f39f9]" name="login" duration-ms="13246" started-at="2024-12-23T23:18:33Z" data-provider="login" finished-at="2024-12-23T23:18:46Z">
          <params>
            <param index="0">
              <value>
                <![CDATA[Messi]]>
              </value>
            </param>
            <param index="1">
              <value>
                <![CDATA[5756]]>
              </value>
            </param>
          </params>
          <reporter-output>
          </reporter-output>
        </test-method> <!-- login -->
        <test-method status="PASS" signature="login(java.lang.String, java.lang.String)[pri:-10, instance:org.test.ReadData@711f39f9]" name="login" duration-ms="13095" started-at="2024-12-23T23:18:46Z" data-provider="login" finished-at="2024-12-23T23:18:59Z">
          <params>
            <param index="0">
              <value>
                <![CDATA[navin]]>
              </value>
            </param>
            <param index="1">
              <value>
                <![CDATA[23123]]>
              </value>
            </param>
          </params>
          <reporter-output>
          </reporter-output>
        </test-method> <!-- login -->
        <test-method status="PASS" signature="login(java.lang.String, java.lang.String)[pri:-10, instance:org.test.ReadData@711f39f9]" name="login" duration-ms="12902" started-at="2024-12-23T23:18:59Z" data-provider="login" finished-at="2024-12-23T23:19:12Z">
          <params>
            <param index="0">
              <value>
                <![CDATA[Naresh]]>
              </value>
            </param>
            <param index="1">
              <value>
                <![CDATA[98234]]>
              </value>
            </param>
          </params>
          <reporter-output>
          </reporter-output>
        </test-method> <!-- login -->
        <test-method status="PASS" signature="login(java.lang.String, java.lang.String)[pri:-10, instance:org.test.ReadData@711f39f9]" name="login" duration-ms="12036" started-at="2024-12-23T23:19:12Z" data-provider="login" finished-at="2024-12-23T23:19:24Z">
          <params>
            <param index="0">
              <value>
                <![CDATA[Veera]]>
              </value>
            </param>
            <param index="1">
              <value>
                <![CDATA[54263]]>
              </value>
            </param>
          </params>
          <reporter-output>
          </reporter-output>
        </test-method> <!-- login -->
        <test-method status="PASS" signature="login(java.lang.String, java.lang.String)[pri:-10, instance:org.test.ReadData@711f39f9]" name="login" duration-ms="12429" started-at="2024-12-23T23:19:24Z" data-provider="login" finished-at="2024-12-23T23:19:36Z">
          <params>
            <param index="0">
              <value>
                <![CDATA[Aravind]]>
              </value>
            </param>
            <param index="1">
              <value>
                <![CDATA[2323443]]>
              </value>
            </param>
          </params>
          <reporter-output>
          </reporter-output>
        </test-method> <!-- login -->
        <test-method status="PASS" signature="login(java.lang.String, java.lang.String)[pri:-10, instance:org.test.ReadData@711f39f9]" name="login" duration-ms="12028" started-at="2024-12-23T23:19:36Z" data-provider="login" finished-at="2024-12-23T23:19:48Z">
          <params>
            <param index="0">
              <value>
                <![CDATA[Messi]]>
              </value>
            </param>
            <param index="1">
              <value>
                <![CDATA[54263]]>
              </value>
            </param>
          </params>
          <reporter-output>
          </reporter-output>
        </test-method> <!-- login -->
      </class> <!-- org.test.ReadData -->
      <class name="org.test.Facebookregistration">
        <test-method status="PASS" signature="test(java.lang.String, java.lang.String, java.lang.String, java.lang.String, java.lang.String, java.lang.String, java.lang.String)[pri:1, instance:org.test.Facebookregistration@51cdd8a]" name="test" duration-ms="16433" started-at="2024-12-23T23:19:49Z" data-provider="Registration" finished-at="2024-12-23T23:20:05Z">
          <params>
            <param index="0">
              <value>
                <![CDATA[Arun]]>
              </value>
            </param>
            <param index="1">
              <value>
                <![CDATA[Kumar]]>
              </value>
            </param>
            <param index="2">
              <value>
                <![CDATA[1]]>
              </value>
            </param>
            <param index="3">
              <value>
                <![CDATA[8]]>
              </value>
            </param>
            <param index="4">
              <value>
                <![CDATA[2000]]>
              </value>
            </param>
            <param index="5">
              <value is-null="true"/>
            </param>
            <param index="6">
              <value>
                <![CDATA[9700100108]]>
              </value>
            </param>
          </params>
          <reporter-output>
          </reporter-output>
        </test-method> <!-- test -->
        <test-method status="PASS" signature="test(java.lang.String, java.lang.String, java.lang.String, java.lang.String, java.lang.String, java.lang.String, java.lang.String)[pri:1, instance:org.test.Facebookregistration@51cdd8a]" name="test" duration-ms="18041" started-at="2024-12-23T23:20:05Z" data-provider="Registration" finished-at="2024-12-23T23:20:23Z">
          <params>
            <param index="0">
              <value>
                <![CDATA[Helen]]>
              </value>
            </param>
            <param index="1">
              <value>
                <![CDATA[Ross]]>
              </value>
            </param>
            <param index="2">
              <value>
                <![CDATA[3]]>
              </value>
            </param>
            <param index="3">
              <value>
                <![CDATA[5]]>
              </value>
            </param>
            <param index="4">
              <value>
                <![CDATA[2001]]>
              </value>
            </param>
            <param index="5">
              <value is-null="true"/>
            </param>
            <param index="6">
              <value>
                <![CDATA[9700000108]]>
              </value>
            </param>
          </params>
          <reporter-output>
          </reporter-output>
        </test-method> <!-- test -->
        <test-method status="PASS" signature="test(java.lang.String, java.lang.String, java.lang.String, java.lang.String, java.lang.String, java.lang.String, java.lang.String)[pri:1, instance:org.test.Facebookregistration@51cdd8a]" name="test" duration-ms="17037" started-at="2024-12-23T23:20:23Z" data-provider="Registration" finished-at="2024-12-23T23:20:40Z">
          <params>
            <param index="0">
              <value>
                <![CDATA[Navin]]>
              </value>
            </param>
            <param index="1">
              <value>
                <![CDATA[Pat]]>
              </value>
            </param>
            <param index="2">
              <value>
                <![CDATA[3]]>
              </value>
            </param>
            <param index="3">
              <value>
                <![CDATA[3]]>
              </value>
            </param>
            <param index="4">
              <value>
                <![CDATA[2002]]>
              </value>
            </param>
            <param index="5">
              <value is-null="true"/>
            </param>
            <param index="6">
              <value>
                <![CDATA[9700200108]]>
              </value>
            </param>
          </params>
          <reporter-output>
          </reporter-output>
        </test-method> <!-- test -->
      </class> <!-- org.test.Facebookregistration -->
    </test> <!-- Test -->
  </suite> <!-- Suite -->
</testng-results>
